#
# A fatal error has been detected by the Java Runtime Environment:
#
#  SIGSEGV (0xb) at pc=0x00007f69f990f009, pid=3550, tid=3551
#
# JRE version: OpenJDK Runtime Environment (9.0) (build 9-internal+0-2016-04-14-195246.buildd.src)
# Java VM: OpenJDK 64-Bit Server VM (9-internal+0-2016-04-14-195246.buildd.src, mixed mode, tiered, compressed oops, g1 gc, linux-amd64)
# Problematic frame:
# C  [libjava.so+0x1d009]  JNU_GetEnv+0x19
#
# Core dump will be written. Default location: Core dumps may be processed with "/usr/share/apport/apport %p %s %c %P" (or dumping to /home/t0bi/core.3550)
#
# If you would like to submit a bug report, please visit:
#   http://bugreport.java.com/bugreport/crash.jsp
# The crash happened outside the Java Virtual Machine in native code.
# See problematic frame for where to report the bug.
#

---------------  S U M M A R Y ------------

Command Line: month

Host: Intel(R) Core(TM) i5-6200U CPU @ 2.30GHz, 4 cores, 7G, Ubuntu 16.04.2 LTS
Time: Tue Apr  4 22:15:50 2017 IST elapsed time: 5 seconds (0d 0h 0m 5s)

---------------  T H R E A D  ---------------

Current thread (0x00007f69f4010800):  JavaThread "main" [_thread_in_native, id=3551, stack(0x00007f69fc676000,0x00007f69fc777000)]

Stack: [0x00007f69fc676000,0x00007f69fc777000],  sp=0x00007f69fc773fe0,  free space=1015k
Native frames: (J=compiled Java code, j=interpreted, Vv=VM code, C=native code)
C  [libjava.so+0x1d009]  JNU_GetEnv+0x19
C  [libfontmanager.so+0x33f8e]
C  [libfreetype.so.6+0x14d1b]  FT_Stream_Seek+0x1b

Java frames: (J=compiled Java code, j=interpreted, Vv=VM code)
j  sun.font.FreetypeFontScaler.initNativeScaler(Lsun/font/Font2D;IIZI)J+0 java.desktop@9-internal
j  sun.font.FreetypeFontScaler.<init>(Lsun/font/Font2D;IZI)V+26 java.desktop@9-internal
v  ~StubRoutines::call_stub
j  sun.reflect.NativeConstructorAccessorImpl.newInstance0(Ljava/lang/reflect/Constructor;[Ljava/lang/Object;)Ljava/lang/Object;+0 java.base@9-internal
j  sun.reflect.NativeConstructorAccessorImpl.newInstance([Ljava/lang/Object;)Ljava/lang/Object;+85 java.base@9-internal
j  sun.reflect.DelegatingConstructorAccessorImpl.newInstance([Ljava/lang/Object;)Ljava/lang/Object;+5 java.base@9-internal
j  java.lang.reflect.Constructor.newInstance([Ljava/lang/Object;)Ljava/lang/Object;+65 java.base@9-internal
j  sun.font.FontScaler.getScaler(Lsun/font/Font2D;IZI)Lsun/font/FontScaler;+39 java.desktop@9-internal
j  sun.font.TrueTypeFont.getScaler()Lsun/font/FontScaler;+21 java.desktop@9-internal
j  sun.font.FileFontStrike.<init>(Lsun/font/FileFont;Lsun/font/FontStrikeDesc;)V+204 java.desktop@9-internal
j  sun.font.FileFont.createStrike(Lsun/font/FontStrikeDesc;)Lsun/font/FontStrike;+18 java.desktop@9-internal
j  sun.font.Font2D.getStrike(Lsun/font/FontStrikeDesc;Z)Lsun/font/FontStrike;+92 java.desktop@9-internal
j  sun.font.Font2D.getStrike(Lsun/font/FontStrikeDesc;)Lsun/font/FontStrike;+3 java.desktop@9-internal
j  sun.font.CompositeStrike.getStrikeForSlot(I)Lsun/font/PhysicalStrike;+23 java.desktop@9-internal
j  sun.font.CompositeStrike.getFontMetrics()Lsun/font/StrikeMetrics;+31 java.desktop@9-internal
j  sun.font.FontDesignMetrics.initMatrixAndMetrics()V+28 java.desktop@9-internal
j  sun.font.FontDesignMetrics.<init>(Ljava/awt/Font;Ljava/awt/font/FontRenderContext;)V+62 java.desktop@9-internal
j  sun.font.FontDesignMetrics.getMetrics(Ljava/awt/Font;Ljava/awt/font/FontRenderContext;)Lsun/font/FontDesignMetrics;+128 java.desktop@9-internal
j  sun.swing.SwingUtilities2.getFontMetrics(Ljavax/swing/JComponent;Ljava/awt/Font;)Ljava/awt/FontMetrics;+15 java.desktop@9-internal
j  javax.swing.JComponent.getFontMetrics(Ljava/awt/Font;)Ljava/awt/FontMetrics;+2 java.desktop@9-internal
j  javax.swing.plaf.basic.BasicGraphicsUtils.getPreferredButtonSize(Ljavax/swing/AbstractButton;I)Ljava/awt/Dimension;+28 java.desktop@9-internal
j  javax.swing.plaf.basic.BasicButtonUI.getPreferredSize(Ljavax/swing/JComponent;)Ljava/awt/Dimension;+10 java.desktop@9-internal
j  javax.swing.plaf.basic.BasicButtonUI.getMinimumSize(Ljavax/swing/JComponent;)Ljava/awt/Dimension;+2 java.desktop@9-internal
j  javax.swing.JComponent.getMinimumSize()Ljava/awt/Dimension;+26 java.desktop@9-internal
j  javax.swing.plaf.basic.BasicOptionPaneUI.addButtonComponents(Ljava/awt/Container;[Ljava/lang/Object;I)V+242 java.desktop@9-internal
j  javax.swing.plaf.basic.BasicOptionPaneUI.createButtonArea()Ljava/awt/Container;+103 java.desktop@9-internal
j  javax.swing.plaf.basic.BasicOptionPaneUI.installComponents()V+35 java.desktop@9-internal
j  javax.swing.plaf.basic.BasicOptionPaneUI.installUI(Ljavax/swing/JComponent;)V+24 java.desktop@9-internal
j  javax.swing.JComponent.setUI(Ljavax/swing/plaf/ComponentUI;)V+52 java.desktop@9-internal
j  javax.swing.JOptionPane.setUI(Ljavax/swing/plaf/OptionPaneUI;)V+10 java.desktop@9-internal
j  javax.swing.JOptionPane.updateUI()V+8 java.desktop@9-internal
j  javax.swing.JOptionPane.<init>(Ljava/lang/Object;IILjavax/swing/Icon;[Ljava/lang/Object;Ljava/lang/Object;)V+52 java.desktop@9-internal
j  javax.swing.JOptionPane.showInputDialog(Ljava/awt/Component;Ljava/lang/Object;Ljava/lang/String;ILjavax/swing/Icon;[Ljava/lang/Object;Ljava/lang/Object;)Ljava/lang/Object;+11 java.desktop@9-internal
j  javax.swing.JOptionPane.showInputDialog(Ljava/awt/Component;Ljava/lang/Object;Ljava/lang/String;I)Ljava/lang/String;+7 java.desktop@9-internal
j  javax.swing.JOptionPane.showInputDialog(Ljava/awt/Component;Ljava/lang/Object;)Ljava/lang/String;+9 java.desktop@9-internal
j  javax.swing.JOptionPane.showInputDialog(Ljava/lang/Object;)Ljava/lang/String;+2 java.desktop@9-internal
j  month.main([Ljava/lang/String;)V+2
v  ~StubRoutines::call_stub

siginfo: si_signo: 11 (SIGSEGV), si_code: 1 (SEGV_MAPERR), si_addr: 0x0000000000000000

Register to memory mapping:

RAX=0x0000000000000000 is an unknown value
RBX=0x0000000000000000 is an unknown value
RCX=0x0000000000000000 is an unknown value
RDX=0x0000000000010002 is an unknown value
RSP=0x00007f69fc773fe0 is pointing into the stack for thread: 0x00007f69f4010800
RBP=0x00007f69fc773ff0 is pointing into the stack for thread: 0x00007f69f4010800
RSI=0x0000000000010002 is an unknown value
RDI=0x0000000000000000 is an unknown value
R8 =0x0000000000000000 is an unknown value
R9 =0x0000000000000000 is an unknown value
R10=0x00000000000001db is an unknown value
R11=0x00007f69f990eff0: JNU_GetEnv+0x0000000000000000 in /usr/lib/jvm/java-9-openjdk-amd64/lib/amd64/libjava.so at 0x00007f69f98f2000
R12=0x00007f69f42063f0 is an unknown value
R13=0x0000000000000000 is an unknown value
R14=0x0000000000000000 is an unknown value
R15=0x00007f69f4207380 is an unknown value


Registers:
RAX=0x0000000000000000, RBX=0x0000000000000000, RCX=0x0000000000000000, RDX=0x0000000000010002
RSP=0x00007f69fc773fe0, RBP=0x00007f69fc773ff0, RSI=0x0000000000010002, RDI=0x0000000000000000
R8 =0x0000000000000000, R9 =0x0000000000000000, R10=0x00000000000001db, R11=0x00007f69f990eff0
R12=0x00007f69f42063f0, R13=0x0000000000000000, R14=0x0000000000000000, R15=0x00007f69f4207380
RIP=0x00007f69f990f009, EFLAGS=0x0000000000010246, CSGSFS=0x002b000000000033, ERR=0x0000000000000004
  TRAPNO=0x000000000000000e

Top of Stack: (sp=0x00007f69fc773fe0)
0x00007f69fc773fe0:   0000000000000000 982f42c8afec8700
0x00007f69fc773ff0:   00007f69fc774030 00007f697a6a5f8e
0x00007f69fc774000:   00007f69f4206950 00007f69f42063f0
0x00007f69fc774010:   0000000000000000 0000000000000000
0x00007f69fc774020:   00007f69f42063f0 00007f69f4207380
0x00007f69fc774030:   0000000000000000 00007f697a3dcd1b
0x00007f69fc774040:   0000000000000000 00007f697a66ed80
0x00007f69fc774050:   0000000000000000 00007f697a3f08d0
0x00007f69fc774060:   0000000000000002 0000003200000008
0x00007f69fc774070:   0000000000000000 0000000000000000
0x00007f69fc774080:   0000006e0000005b 0000000000000000
0x00007f69fc774090:   0000000000000000 0000007c00000077
0x00007f69fc7740a0:   0202020202020202 0202020202020202
0x00007f69fc7740b0:   0000000000000000 0000000000000000
0x00007f69fc7740c0:   468b45f04e8b41d0 00007f69f4000020
0x00007f69fc7740d0:   0000000000000070 00007f69fc774184
0x00007f69fc7740e0:   00007f69f4206950 00007f69f4207380
0x00007f69fc7740f0:   00007f69fc774184 00007f69fc01c5d4
0x00007f69fc774100:   00007f69faf94f00 00007f69fc774134
0x00007f69fc774110:   00007f697a66b9e0 982f42c8afec8700
0x00007f69fc774120:   0000000000000070 00007f69f4206500
0x00007f69fc774130:   00007f697a66b9e0 00007f69fc774248
0x00007f69fc774140:   00007f69f4206950 00007f69f4207380
0x00007f69fc774150:   00007f69f425b180 00007f697a3df4b2
0x00007f69fc774160:   0000000100000000 00007f69fc774250
0x00007f69fc774170:   0000000000000000 0000000000000000
0x00007f69fc774180:   00000000fc774248 982f42c8afec8700
0x00007f69fc774190:   00007f69f4206500 00007f69fc774250
0x00007f69fc7741a0:   0000000000000000 00007f69f4206878
0x00007f69fc7741b0:   00007f69fc774450 00007f69f42067d8
0x00007f69fc7741c0:   00007f69f4206950 00007f697a3e1571
0x00007f69fc7741d0:   00007f69fc774250 00007f697a3e1366 

Instructions: (pc=0x00007f69f990f009)
0x00007f69f990efe9:   ff eb ea 0f 1f 40 00 55 89 f2 48 89 e5 48 83 ec
0x00007f69f990eff9:   10 64 48 8b 04 25 28 00 00 00 48 89 45 f8 31 c0
0x00007f69f990f009:   48 8b 07 48 8d 75 f0 ff 50 30 48 8b 4d f8 64 48
0x00007f69f990f019:   33 0c 25 28 00 00 00 48 8b 45 f0 75 02 c9 c3 e8 


---------------  P R O C E S S  ---------------

Java Threads: ( => current thread )
  0x00007f6960001000 JavaThread "SeedGenerator Thread" daemon [_thread_blocked, id=3599, stack(0x00007f6979a90000,0x00007f6979b91000)]
  0x00007f69f469a000 JavaThread "SeedGenerator Thread" daemon [_thread_in_Java, id=3578, stack(0x00007f697916a000,0x00007f697926b000)]
  0x00007f69f4354000 JavaThread "AWT-XAWT" daemon [_thread_in_native, id=3576, stack(0x00007f6979b91000,0x00007f6979c92000)]
  0x00007f69f4338800 JavaThread "Java2D Disposer" daemon [_thread_blocked, id=3575, stack(0x00007f697a0a2000,0x00007f697a1a3000)]
  0x00007f69f425b800 JavaThread "Service Thread" daemon [_thread_blocked, id=3573, stack(0x00007f69ac1cd000,0x00007f69ac2ce000)]
  0x00007f69f417d800 JavaThread "Common-Cleaner" daemon [_thread_blocked, id=3572, stack(0x00007f69ac2ce000,0x00007f69ac3cf000)]
  0x00007f69f4166000 JavaThread "Sweeper thread" daemon [_thread_blocked, id=3571, stack(0x00007f69acafa000,0x00007f69acbfb000)]
  0x00007f69f4164000 JavaThread "C1 CompilerThread2" daemon [_thread_blocked, id=3570, stack(0x00007f69acbfb000,0x00007f69accfc000)]
  0x00007f69f4162000 JavaThread "C2 CompilerThread1" daemon [_thread_blocked, id=3569, stack(0x00007f69accfc000,0x00007f69acdfd000)]
  0x00007f69f4160800 JavaThread "C2 CompilerThread0" daemon [_thread_blocked, id=3568, stack(0x00007f69acdfd000,0x00007f69acefe000)]
  0x00007f69f415c000 JavaThread "Signal Dispatcher" daemon [_thread_blocked, id=3567, stack(0x00007f69acefe000,0x00007f69acfff000)]
  0x00007f69f415a000 JavaThread "Surrogate Locker Thread (Concurrent GC)" daemon [_thread_blocked, id=3566, stack(0x00007f69acfff000,0x00007f69ad100000)]
  0x00007f69f4148800 JavaThread "Finalizer" daemon [_thread_blocked, id=3565, stack(0x00007f69b40de000,0x00007f69b41df000)]
  0x00007f69f4144800 JavaThread "Reference Handler" daemon [_thread_blocked, id=3564, stack(0x00007f69b41df000,0x00007f69b42e0000)]
=>0x00007f69f4010800 JavaThread "main" [_thread_in_native, id=3551, stack(0x00007f69fc676000,0x00007f69fc777000)]

Other Threads:
  0x00007f69f413a800 VMThread [stack: 0x00007f69dc0bd000,0x00007f69dc1be000] [id=3563]
  0x00007f69f425e000 WatcherThread [stack: 0x00007f69ac0cc000,0x00007f69ac1cd000] [id=3574]

Threads with active compile tasks:

VM state:not at safepoint (normal execution)

VM Mutex/Monitor currently owned by a thread: None

heap address: 0x0000000085c00000, size: 1956 MB, Compressed Oops mode: 32-bit
Narrow klass base: 0x0000000000000000, Narrow klass shift: 3
Compressed class space size: 1073741824 Address: 0x0000000100000000

Heap:
 garbage-first heap   total 126976K, used 6144K [0x0000000085c00000, 0x0000000085d003e0, 0x0000000100000000)
  region size 1024K, 7 young (7168K), 0 survivors (0K)
 Metaspace       used 10570K, capacity 10930K, committed 11136K, reserved 1058816K
  class space    used 1176K, capacity 1300K, committed 1408K, reserved 1048576K

Heap Regions: E=young(eden), S=young(survivor), O=old, HS=humongous(starts), HC=humongous(continues), CS=collection set, F=free, A=archive, TS=gc time stamp, AC=allocation context, TAMS=top-at-mark-start (previous, next)
|   0|0x0000000085c00000, 0x0000000085c00000, 0x0000000085d00000|  0%| F|  |TS  0|AC  0|TAMS 0x0000000085c00000, 0x0000000085c00000|
|   1|0x0000000085d00000, 0x0000000085d00000, 0x0000000085e00000|  0%| F|  |TS  0|AC  0|TAMS 0x0000000085d00000, 0x0000000085d00000|
|   2|0x0000000085e00000, 0x0000000085e00000, 0x0000000085f00000|  0%| F|  |TS  0|AC  0|TAMS 0x0000000085e00000, 0x0000000085e00000|
|   3|0x0000000085f00000, 0x0000000085f00000, 0x0000000086000000|  0%| F|  |TS  0|AC  0|TAMS 0x0000000085f00000, 0x0000000085f00000|
|   4|0x0000000086000000, 0x0000000086000000, 0x0000000086100000|  0%| F|  |TS  0|AC  0|TAMS 0x0000000086000000, 0x0000000086000000|
|   5|0x0000000086100000, 0x0000000086100000, 0x0000000086200000|  0%| F|  |TS  0|AC  0|TAMS 0x0000000086100000, 0x0000000086100000|
|   6|0x0000000086200000, 0x0000000086200000, 0x0000000086300000|  0%| F|  |TS  0|AC  0|TAMS 0x0000000086200000, 0x0000000086200000|
|   7|0x0000000086300000, 0x0000000086300000, 0x0000000086400000|  0%| F|  |TS  0|AC  0|TAMS 0x0000000086300000, 0x0000000086300000|
|   8|0x0000000086400000, 0x0000000086400000, 0x0000000086500000|  0%| F|  |TS  0|AC  0|TAMS 0x0000000086400000, 0x0000000086400000|
|   9|0x0000000086500000, 0x0000000086500000, 0x0000000086600000|  0%| F|  |TS  0|AC  0|TAMS 0x0000000086500000, 0x0000000086500000|
|  10|0x0000000086600000, 0x0000000086600000, 0x0000000086700000|  0%| F|  |TS  0|AC  0|TAMS 0x0000000086600000, 0x0000000086600000|
|  11|0x0000000086700000, 0x0000000086700000, 0x0000000086800000|  0%| F|  |TS  0|AC  0|TAMS 0x0000000086700000, 0x0000000086700000|
|  12|0x0000000086800000, 0x0000000086800000, 0x0000000086900000|  0%| F|  |TS  0|AC  0|TAMS 0x0000000086800000, 0x0000000086800000|
|  13|0x0000000086900000, 0x0000000086900000, 0x0000000086a00000|  0%| F|  |TS  0|AC  0|TAMS 0x0000000086900000, 0x0000000086900000|
|  14|0x0000000086a00000, 0x0000000086a00000, 0x0000000086b00000|  0%| F|  |TS  0|AC  0|TAMS 0x0000000086a00000, 0x0000000086a00000|
|  15|0x0000000086b00000, 0x0000000086b00000, 0x0000000086c00000|  0%| F|  |TS  0|AC  0|TAMS 0x0000000086b00000, 0x0000000086b00000|
|  16|0x0000000086c00000, 0x0000000086c00000, 0x0000000086d00000|  0%| F|  |TS  0|AC  0|TAMS 0x0000000086c00000, 0x0000000086c00000|
|  17|0x0000000086d00000, 0x0000000086d00000, 0x0000000086e00000|  0%| F|  |TS  0|AC  0|TAMS 0x0000000086d00000, 0x0000000086d00000|
|  18|0x0000000086e00000, 0x0000000086e00000, 0x0000000086f00000|  0%| F|  |TS  0|AC  0|TAMS 0x0000000086e00000, 0x0000000086e00000|
|  19|0x0000000086f00000, 0x0000000086f00000, 0x0000000087000000|  0%| F|  |TS  0|AC  0|TAMS 0x0000000086f00000, 0x0000000086f00000|
|  20|0x0000000087000000, 0x0000000087000000, 0x0000000087100000|  0%| F|  |TS  0|AC  0|TAMS 0x0000000087000000, 0x0000000087000000|
|  21|0x0000000087100000, 0x0000000087100000, 0x0000000087200000|  0%| F|  |TS  0|AC  0|TAMS 0x0000000087100000, 0x0000000087100000|
|  22|0x0000000087200000, 0x0000000087200000, 0x0000000087300000|  0%| F|  |TS  0|AC  0|TAMS 0x0000000087200000, 0x0000000087200000|
|  23|0x0000000087300000, 0x0000000087300000, 0x0000000087400000|  0%| F|  |TS  0|AC  0|TAMS 0x0000000087300000, 0x0000000087300000|
|  24|0x0000000087400000, 0x0000000087400000, 0x0000000087500000|  0%| F|  |TS  0|AC  0|TAMS 0x0000000087400000, 0x0000000087400000|
|  25|0x0000000087500000, 0x0000000087500000, 0x0000000087600000|  0%| F|  |TS  0|AC  0|TAMS 0x0000000087500000, 0x0000000087500000|
|  26|0x0000000087600000, 0x0000000087600000, 0x0000000087700000|  0%| F|  |TS  0|AC  0|TAMS 0x0000000087600000, 0x0000000087600000|
|  27|0x0000000087700000, 0x0000000087700000, 0x0000000087800000|  0%| F|  |TS  0|AC  0|TAMS 0x0000000087700000, 0x0000000087700000|
|  28|0x0000000087800000, 0x0000000087800000, 0x0000000087900000|  0%| F|  |TS  0|AC  0|TAMS 0x0000000087800000, 0x0000000087800000|
|  29|0x0000000087900000, 0x0000000087900000, 0x0000000087a00000|  0%| F|  |TS  0|AC  0|TAMS 0x0000000087900000, 0x0000000087900000|
|  30|0x0000000087a00000, 0x0000000087a00000, 0x0000000087b00000|  0%| F|  |TS  0|AC  0|TAMS 0x0000000087a00000, 0x0000000087a00000|
|  31|0x0000000087b00000, 0x0000000087b00000, 0x0000000087c00000|  0%| F|  |TS  0|AC  0|TAMS 0x0000000087b00000, 0x0000000087b00000|
|  32|0x0000000087c00000, 0x0000000087c00000, 0x0000000087d00000|  0%| F|  |TS  0|AC  0|TAMS 0x0000000087c00000, 0x0000000087c00000|
|  33|0x0000000087d00000, 0x0000000087d00000, 0x0000000087e00000|  0%| F|  |TS  0|AC  0|TAMS 0x0000000087d00000, 0x0000000087d00000|
|  34|0x0000000087e00000, 0x0000000087e00000, 0x0000000087f00000|  0%| F|  |TS  0|AC  0|TAMS 0x0000000087e00000, 0x0000000087e00000|
|  35|0x0000000087f00000, 0x0000000087f00000, 0x0000000088000000|  0%| F|  |TS  0|AC  0|TAMS 0x0000000087f00000, 0x0000000087f00000|
|  36|0x0000000088000000, 0x0000000088000000, 0x0000000088100000|  0%| F|  |TS  0|AC  0|TAMS 0x0000000088000000, 0x0000000088000000|
|  37|0x0000000088100000, 0x0000000088100000, 0x0000000088200000|  0%| F|  |TS  0|AC  0|TAMS 0x0000000088100000, 0x0000000088100000|
|  38|0x0000000088200000, 0x0000000088200000, 0x0000000088300000|  0%| F|  |TS  0|AC  0|TAMS 0x0000000088200000, 0x0000000088200000|
|  39|0x0000000088300000, 0x0000000088300000, 0x0000000088400000|  0%| F|  |TS  0|AC  0|TAMS 0x0000000088300000, 0x0000000088300000|
|  40|0x0000000088400000, 0x0000000088400000, 0x0000000088500000|  0%| F|  |TS  0|AC  0|TAMS 0x0000000088400000, 0x0000000088400000|
|  41|0x0000000088500000, 0x0000000088500000, 0x0000000088600000|  0%| F|  |TS  0|AC  0|TAMS 0x0000000088500000, 0x0000000088500000|
|  42|0x0000000088600000, 0x0000000088600000, 0x0000000088700000|  0%| F|  |TS  0|AC  0|TAMS 0x0000000088600000, 0x0000000088600000|
|  43|0x0000000088700000, 0x0000000088700000, 0x0000000088800000|  0%| F|  |TS  0|AC  0|TAMS 0x0000000088700000, 0x0000000088700000|
|  44|0x0000000088800000, 0x0000000088800000, 0x0000000088900000|  0%| F|  |TS  0|AC  0|TAMS 0x0000000088800000, 0x0000000088800000|
|  45|0x0000000088900000, 0x0000000088900000, 0x0000000088a00000|  0%| F|  |TS  0|AC  0|TAMS 0x0000000088900000, 0x0000000088900000|
|  46|0x0000000088a00000, 0x0000000088a00000, 0x0000000088b00000|  0%| F|  |TS  0|AC  0|TAMS 0x0000000088a00000, 0x0000000088a00000|
|  47|0x0000000088b00000, 0x0000000088b00000, 0x0000000088c00000|  0%| F|  |TS  0|AC  0|TAMS 0x0000000088b00000, 0x0000000088b00000|
|  48|0x0000000088c00000, 0x0000000088c00000, 0x0000000088d00000|  0%| F|  |TS  0|AC  0|TAMS 0x0000000088c00000, 0x0000000088c00000|
|  49|0x0000000088d00000, 0x0000000088d00000, 0x0000000088e00000|  0%| F|  |TS  0|AC  0|TAMS 0x0000000088d00000, 0x0000000088d00000|
|  50|0x0000000088e00000, 0x0000000088e00000, 0x0000000088f00000|  0%| F|  |TS  0|AC  0|TAMS 0x0000000088e00000, 0x0000000088e00000|
|  51|0x0000000088f00000, 0x0000000088f00000, 0x0000000089000000|  0%| F|  |TS  0|AC  0|TAMS 0x0000000088f00000, 0x0000000088f00000|
|  52|0x0000000089000000, 0x0000000089000000, 0x0000000089100000|  0%| F|  |TS  0|AC  0|TAMS 0x0000000089000000, 0x0000000089000000|
|  53|0x0000000089100000, 0x0000000089100000, 0x0000000089200000|  0%| F|  |TS  0|AC  0|TAMS 0x0000000089100000, 0x0000000089100000|
|  54|0x0000000089200000, 0x0000000089200000, 0x0000000089300000|  0%| F|  |TS  0|AC  0|TAMS 0x0000000089200000, 0x0000000089200000|
|  55|0x0000000089300000, 0x0000000089300000, 0x0000000089400000|  0%| F|  |TS  0|AC  0|TAMS 0x0000000089300000, 0x0000000089300000|
|  56|0x0000000089400000, 0x0000000089400000, 0x0000000089500000|  0%| F|  |TS  0|AC  0|TAMS 0x0000000089400000, 0x0000000089400000|
|  57|0x0000000089500000, 0x0000000089500000, 0x0000000089600000|  0%| F|  |TS  0|AC  0|TAMS 0x0000000089500000, 0x0000000089500000|
|  58|0x0000000089600000, 0x0000000089600000, 0x0000000089700000|  0%| F|  |TS  0|AC  0|TAMS 0x0000000089600000, 0x0000000089600000|
|  59|0x0000000089700000, 0x0000000089700000, 0x0000000089800000|  0%| F|  |TS  0|AC  0|TAMS 0x0000000089700000, 0x0000000089700000|
|  60|0x0000000089800000, 0x0000000089800000, 0x0000000089900000|  0%| F|  |TS  0|AC  0|TAMS 0x0000000089800000, 0x0000000089800000|
|  61|0x0000000089900000, 0x0000000089900000, 0x0000000089a00000|  0%| F|  |TS  0|AC  0|TAMS 0x0000000089900000, 0x0000000089900000|
|  62|0x0000000089a00000, 0x0000000089a00000, 0x0000000089b00000|  0%| F|  |TS  0|AC  0|TAMS 0x0000000089a00000, 0x0000000089a00000|
|  63|0x0000000089b00000, 0x0000000089b00000, 0x0000000089c00000|  0%| F|  |TS  0|AC  0|TAMS 0x0000000089b00000, 0x0000000089b00000|
|  64|0x0000000089c00000, 0x0000000089c00000, 0x0000000089d00000|  0%| F|  |TS  0|AC  0|TAMS 0x0000000089c00000, 0x0000000089c00000|
|  65|0x0000000089d00000, 0x0000000089d00000, 0x0000000089e00000|  0%| F|  |TS  0|AC  0|TAMS 0x0000000089d00000, 0x0000000089d00000|
|  66|0x0000000089e00000, 0x0000000089e00000, 0x0000000089f00000|  0%| F|  |TS  0|AC  0|TAMS 0x0000000089e00000, 0x0000000089e00000|
|  67|0x0000000089f00000, 0x0000000089f00000, 0x000000008a000000|  0%| F|  |TS  0|AC  0|TAMS 0x0000000089f00000, 0x0000000089f00000|
|  68|0x000000008a000000, 0x000000008a000000, 0x000000008a100000|  0%| F|  |TS  0|AC  0|TAMS 0x000000008a000000, 0x000000008a000000|
|  69|0x000000008a100000, 0x000000008a100000, 0x000000008a200000|  0%| F|  |TS  0|AC  0|TAMS 0x000000008a100000, 0x000000008a100000|
|  70|0x000000008a200000, 0x000000008a200000, 0x000000008a300000|  0%| F|  |TS  0|AC  0|TAMS 0x000000008a200000, 0x000000008a200000|
|  71|0x000000008a300000, 0x000000008a300000, 0x000000008a400000|  0%| F|  |TS  0|AC  0|TAMS 0x000000008a300000, 0x000000008a300000|
|  72|0x000000008a400000, 0x000000008a400000, 0x000000008a500000|  0%| F|  |TS  0|AC  0|TAMS 0x000000008a400000, 0x000000008a400000|
|  73|0x000000008a500000, 0x000000008a500000, 0x000000008a600000|  0%| F|  |TS  0|AC  0|TAMS 0x000000008a500000, 0x000000008a500000|
|  74|0x000000008a600000, 0x000000008a600000, 0x000000008a700000|  0%| F|  |TS  0|AC  0|TAMS 0x000000008a600000, 0x000000008a600000|
|  75|0x000000008a700000, 0x000000008a700000, 0x000000008a800000|  0%| F|  |TS  0|AC  0|TAMS 0x000000008a700000, 0x000000008a700000|
|  76|0x000000008a800000, 0x000000008a800000, 0x000000008a900000|  0%| F|  |TS  0|AC  0|TAMS 0x000000008a800000, 0x000000008a800000|
|  77|0x000000008a900000, 0x000000008a900000, 0x000000008aa00000|  0%| F|  |TS  0|AC  0|TAMS 0x000000008a900000, 0x000000008a900000|
|  78|0x000000008aa00000, 0x000000008aa00000, 0x000000008ab00000|  0%| F|  |TS  0|AC  0|TAMS 0x000000008aa00000, 0x000000008aa00000|
|  79|0x000000008ab00000, 0x000000008ab00000, 0x000000008ac00000|  0%| F|  |TS  0|AC  0|TAMS 0x000000008ab00000, 0x000000008ab00000|
|  80|0x000000008ac00000, 0x000000008ac00000, 0x000000008ad00000|  0%| F|  |TS  0|AC  0|TAMS 0x000000008ac00000, 0x000000008ac00000|
|  81|0x000000008ad00000, 0x000000008ad00000, 0x000000008ae00000|  0%| F|  |TS  0|AC  0|TAMS 0x000000008ad00000, 0x000000008ad00000|
|  82|0x000000008ae00000, 0x000000008ae00000, 0x000000008af00000|  0%| F|  |TS  0|AC  0|TAMS 0x000000008ae00000, 0x000000008ae00000|
|  83|0x000000008af00000, 0x000000008af00000, 0x000000008b000000|  0%| F|  |TS  0|AC  0|TAMS 0x000000008af00000, 0x000000008af00000|
|  84|0x000000008b000000, 0x000000008b000000, 0x000000008b100000|  0%| F|  |TS  0|AC  0|TAMS 0x000000008b000000, 0x000000008b000000|
|  85|0x000000008b100000, 0x000000008b100000, 0x000000008b200000|  0%| F|  |TS  0|AC  0|TAMS 0x000000008b100000, 0x000000008b100000|
|  86|0x000000008b200000, 0x000000008b200000, 0x000000008b300000|  0%| F|  |TS  0|AC  0|TAMS 0x000000008b200000, 0x000000008b200000|
|  87|0x000000008b300000, 0x000000008b300000, 0x000000008b400000|  0%| F|  |TS  0|AC  0|TAMS 0x000000008b300000, 0x000000008b300000|
|  88|0x000000008b400000, 0x000000008b400000, 0x000000008b500000|  0%| F|  |TS  0|AC  0|TAMS 0x000000008b400000, 0x000000008b400000|
|  89|0x000000008b500000, 0x000000008b500000, 0x000000008b600000|  0%| F|  |TS  0|AC  0|TAMS 0x000000008b500000, 0x000000008b500000|
|  90|0x000000008b600000, 0x000000008b600000, 0x000000008b700000|  0%| F|  |TS  0|AC  0|TAMS 0x000000008b600000, 0x000000008b600000|
|  91|0x000000008b700000, 0x000000008b700000, 0x000000008b800000|  0%| F|  |TS  0|AC  0|TAMS 0x000000008b700000, 0x000000008b700000|
|  92|0x000000008b800000, 0x000000008b800000, 0x000000008b900000|  0%| F|  |TS  0|AC  0|TAMS 0x000000008b800000, 0x000000008b800000|
|  93|0x000000008b900000, 0x000000008b900000, 0x000000008ba00000|  0%| F|  |TS  0|AC  0|TAMS 0x000000008b900000, 0x000000008b900000|
|  94|0x000000008ba00000, 0x000000008ba00000, 0x000000008bb00000|  0%| F|  |TS  0|AC  0|TAMS 0x000000008ba00000, 0x000000008ba00000|
|  95|0x000000008bb00000, 0x000000008bb00000, 0x000000008bc00000|  0%| F|  |TS  0|AC  0|TAMS 0x000000008bb00000, 0x000000008bb00000|
|  96|0x000000008bc00000, 0x000000008bc00000, 0x000000008bd00000|  0%| F|  |TS  0|AC  0|TAMS 0x000000008bc00000, 0x000000008bc00000|
|  97|0x000000008bd00000, 0x000000008bd00000, 0x000000008be00000|  0%| F|  |TS  0|AC  0|TAMS 0x000000008bd00000, 0x000000008bd00000|
|  98|0x000000008be00000, 0x000000008be00000, 0x000000008bf00000|  0%| F|  |TS  0|AC  0|TAMS 0x000000008be00000, 0x000000008be00000|
|  99|0x000000008bf00000, 0x000000008bf00000, 0x000000008c000000|  0%| F|  |TS  0|AC  0|TAMS 0x000000008bf00000, 0x000000008bf00000|
| 100|0x000000008c000000, 0x000000008c000000, 0x000000008c100000|  0%| F|  |TS  0|AC  0|TAMS 0x000000008c000000, 0x000000008c000000|
| 101|0x000000008c100000, 0x000000008c100000, 0x000000008c200000|  0%| F|  |TS  0|AC  0|TAMS 0x000000008c100000, 0x000000008c100000|
| 102|0x000000008c200000, 0x000000008c200000, 0x000000008c300000|  0%| F|  |TS  0|AC  0|TAMS 0x000000008c200000, 0x000000008c200000|
| 103|0x000000008c300000, 0x000000008c300000, 0x000000008c400000|  0%| F|  |TS  0|AC  0|TAMS 0x000000008c300000, 0x000000008c300000|
| 104|0x000000008c400000, 0x000000008c400000, 0x000000008c500000|  0%| F|  |TS  0|AC  0|TAMS 0x000000008c400000, 0x000000008c400000|
| 105|0x000000008c500000, 0x000000008c500000, 0x000000008c600000|  0%| F|  |TS  0|AC  0|TAMS 0x000000008c500000, 0x000000008c500000|
| 106|0x000000008c600000, 0x000000008c600000, 0x000000008c700000|  0%| F|  |TS  0|AC  0|TAMS 0x000000008c600000, 0x000000008c600000|
| 107|0x000000008c700000, 0x000000008c700000, 0x000000008c800000|  0%| F|  |TS  0|AC  0|TAMS 0x000000008c700000, 0x000000008c700000|
| 108|0x000000008c800000, 0x000000008c800000, 0x000000008c900000|  0%| F|  |TS  0|AC  0|TAMS 0x000000008c800000, 0x000000008c800000|
| 109|0x000000008c900000, 0x000000008c900000, 0x000000008ca00000|  0%| F|  |TS  0|AC  0|TAMS 0x000000008c900000, 0x000000008c900000|
| 110|0x000000008ca00000, 0x000000008ca00000, 0x000000008cb00000|  0%| F|  |TS  0|AC  0|TAMS 0x000000008ca00000, 0x000000008ca00000|
| 111|0x000000008cb00000, 0x000000008cb00000, 0x000000008cc00000|  0%| F|  |TS  0|AC  0|TAMS 0x000000008cb00000, 0x000000008cb00000|
| 112|0x000000008cc00000, 0x000000008cc00000, 0x000000008cd00000|  0%| F|  |TS  0|AC  0|TAMS 0x000000008cc00000, 0x000000008cc00000|
| 113|0x000000008cd00000, 0x000000008cd00000, 0x000000008ce00000|  0%| F|  |TS  0|AC  0|TAMS 0x000000008cd00000, 0x000000008cd00000|
| 114|0x000000008ce00000, 0x000000008ce00000, 0x000000008cf00000|  0%| F|  |TS  0|AC  0|TAMS 0x000000008ce00000, 0x000000008ce00000|
| 115|0x000000008cf00000, 0x000000008cf00000, 0x000000008d000000|  0%| F|  |TS  0|AC  0|TAMS 0x000000008cf00000, 0x000000008cf00000|
| 116|0x000000008d000000, 0x000000008d000000, 0x000000008d100000|  0%| F|  |TS  0|AC  0|TAMS 0x000000008d000000, 0x000000008d000000|
| 117|0x000000008d100000, 0x000000008d18fe80, 0x000000008d200000| 56%| E|  |TS  0|AC  0|TAMS 0x000000008d100000, 0x000000008d100000|
| 118|0x000000008d200000, 0x000000008d300000, 0x000000008d300000|100%| E|CS|TS  0|AC  0|TAMS 0x000000008d200000, 0x000000008d200000|
| 119|0x000000008d300000, 0x000000008d400000, 0x000000008d400000|100%| E|CS|TS  0|AC  0|TAMS 0x000000008d300000, 0x000000008d300000|
| 120|0x000000008d400000, 0x000000008d500000, 0x000000008d500000|100%| E|CS|TS  0|AC  0|TAMS 0x000000008d400000, 0x000000008d400000|
| 121|0x000000008d500000, 0x000000008d600000, 0x000000008d600000|100%| E|CS|TS  0|AC  0|TAMS 0x000000008d500000, 0x000000008d500000|
| 122|0x000000008d600000, 0x000000008d700000, 0x000000008d700000|100%| E|CS|TS  0|AC  0|TAMS 0x000000008d600000, 0x000000008d600000|
| 123|0x000000008d700000, 0x000000008d800000, 0x000000008d800000|100%| E|CS|TS  0|AC  0|TAMS 0x000000008d700000, 0x000000008d700000|

Card table byte_map: [0x00007f69dcdd8000,0x00007f69dd1aa000] byte_map_base: 0x00007f69dc9aa000

Marking Bits (Prev, Next): (CMBitMap*) 0x00007f69f405f8c0, (CMBitMap*) 0x00007f69f405f918
 Prev Bits: [0x00007f69b6170000, 0x00007f69b8000000)
 Next Bits: [0x00007f69b42e0000, 0x00007f69b6170000)

Polling page: 0x00007f69fc793000

CodeHeap 'non-nmethods': size=5696Kb used=1251Kb max_used=1262Kb free=4444Kb
 bounds [0x00007f69ddc51000, 0x00007f69ddec1000, 0x00007f69de1e1000]
CodeHeap 'profiled nmethods': size=120032Kb used=876Kb max_used=876Kb free=119155Kb
 bounds [0x00007f69de1e1000, 0x00007f69de451000, 0x00007f69e5719000]
CodeHeap 'non-profiled nmethods': size=120032Kb used=200Kb max_used=200Kb free=119832Kb
 bounds [0x00007f69e5719000, 0x00007f69e5989000, 0x00007f69ecc51000]
 total_blobs=1203 nmethods=547 adapters=427
 compilation: enabled

Compilation events (10 events):
Event: 5.533 Thread 0x00007f69f4162000  537       4       java.lang.AbstractStringBuilder::append (45 bytes)
Event: 5.535 Thread 0x00007f69f4164000  544       3       java.util.Collections$UnmodifiableCollection::size (10 bytes)
Event: 5.535 Thread 0x00007f69f4164000 nmethod 544 0x00007f69de2bb110 code [0x00007f69de2bb2a0, 0x00007f69de2bb4c8]
Event: 5.541 Thread 0x00007f69f4162000 nmethod 537 0x00007f69e5747710 code [0x00007f69e57478a0, 0x00007f69e5747e78]
Event: 5.550 Thread 0x00007f69f4160800 nmethod 538 0x00007f69e5748190 code [0x00007f69e5748660, 0x00007f69e574a090]
Event: 5.559 Thread 0x00007f69f4164000  545       3       java.nio.HeapByteBuffer::_get (7 bytes)
Event: 5.559 Thread 0x00007f69f4164000 nmethod 545 0x00007f69de2bb590 code [0x00007f69de2bb700, 0x00007f69de2bb870]
Event: 5.559 Thread 0x00007f69f4164000  546       1       java.nio.Buffer::position (5 bytes)
Event: 5.560 Thread 0x00007f69f4164000 nmethod 546 0x00007f69e574ad10 code [0x00007f69e574ae80, 0x00007f69e574af90]
Event: 5.586 Thread 0x00007f69f4164000  547       3       java.lang.Class::reflectionData (49 bytes)

GC Heap History (0 events):
No events

Deoptimization events (10 events):
Event: 0.327 Thread 0x00007f69f4010800 Uncommon trap: reason=class_check action=maybe_recompile pc=0x00007f69e5722b2c method=java.util.HashMap.putVal(ILjava/lang/Object;Ljava/lang/Object;ZZ)Ljava/lang/Object; @ 253
Event: 0.327 Thread 0x00007f69f4010800 Uncommon trap: reason=class_check action=maybe_recompile pc=0x00007f69e5722b2c method=java.util.HashMap.putVal(ILjava/lang/Object;Ljava/lang/Object;ZZ)Ljava/lang/Object; @ 253
Event: 0.327 Thread 0x00007f69f4010800 Uncommon trap: reason=class_check action=maybe_recompile pc=0x00007f69e5722b2c method=java.util.HashMap.putVal(ILjava/lang/Object;Ljava/lang/Object;ZZ)Ljava/lang/Object; @ 253
Event: 0.327 Thread 0x00007f69f4010800 Uncommon trap: reason=class_check action=maybe_recompile pc=0x00007f69e5722b2c method=java.util.HashMap.putVal(ILjava/lang/Object;Ljava/lang/Object;ZZ)Ljava/lang/Object; @ 253
Event: 0.578 Thread 0x00007f69f469a000 Uncommon trap: reason=unstable_if action=reinterpret pc=0x00007f69e573efc0 method=sun.security.provider.SeedGenerator$ThreadedSeedGenerator.run()V @ 120
Event: 5.465 Thread 0x00007f69f4010800 Uncommon trap: reason=bimorphic_or_optimized_type_check action=maybe_recompile pc=0x00007f69e5742c40 method=java.util.HashMap.putVal(ILjava/lang/Object;Ljava/lang/Object;ZZ)Ljava/lang/Object; @ 56
Event: 5.489 Thread 0x00007f69f4010800 Uncommon trap: reason=unstable_if action=reinterpret pc=0x00007f69e5731374 method=java.lang.String.equals(Ljava/lang/Object;)Z @ 27
Event: 5.503 Thread 0x00007f69f4010800 Uncommon trap: reason=class_check action=maybe_recompile pc=0x00007f69e5742d04 method=java.util.HashMap.putVal(ILjava/lang/Object;Ljava/lang/Object;ZZ)Ljava/lang/Object; @ 203
Event: 5.503 Thread 0x00007f69f4010800 Uncommon trap: reason=class_check action=maybe_recompile pc=0x00007f69e5742d48 method=java.util.HashMap.putVal(ILjava/lang/Object;Ljava/lang/Object;ZZ)Ljava/lang/Object; @ 91
Event: 5.503 Thread 0x00007f69f4010800 Uncommon trap: reason=class_check action=maybe_recompile pc=0x00007f69e5742d48 method=java.util.HashMap.putVal(ILjava/lang/Object;Ljava/lang/Object;ZZ)Ljava/lang/Object; @ 91

Classes redefined (0 events):
No events

Internal exceptions (7 events):
Event: 0.146 Thread 0x00007f69f4010800 Exception <a 'java/lang/ClassNotFoundException': sun/awt/resources/awtProvider> (0x000000008d555af0) thrown at [/build/openjdk-9-argm_o/openjdk-9-9~b114/src/hotspot/src/share/vm/classfile/systemDictionary.cpp, line 224]
Event: 0.159 Thread 0x00007f69f4010800 Exception <a 'java/io/FileNotFoundException'> (0x000000008d594988) thrown at [/build/openjdk-9-argm_o/openjdk-9-9~b114/src/hotspot/src/share/vm/prims/jni.cpp, line 605]
Event: 0.161 Thread 0x00007f69f4010800 Exception <a 'java/io/FileNotFoundException'> (0x000000008d59c9c0) thrown at [/build/openjdk-9-argm_o/openjdk-9-9~b114/src/hotspot/src/share/vm/prims/jni.cpp, line 605]
Event: 0.250 Thread 0x00007f69f4010800 Exception <a 'java/lang/ClassNotFoundException': com/sun/swing/internal/plaf/metal/resources/metalProvider> (0x000000008d355de8) thrown at [/build/openjdk-9-argm_o/openjdk-9-9~b114/src/hotspot/src/share/vm/classfile/systemDictionary.cpp, line 224]
Event: 0.251 Thread 0x00007f69f4010800 Exception <a 'java/lang/ClassNotFoundException': com/sun/swing/internal/plaf/basic/resources/basicProvider> (0x000000008d3594a8) thrown at [/build/openjdk-9-argm_o/openjdk-9-9~b114/src/hotspot/src/share/vm/classfile/systemDictionary.cpp, line 224]
Event: 0.266 Thread 0x00007f69f4010800 Implicit null exception at 0x00007f69e5724ab8 to 0x00007f69e5724b46
Event: 0.267 Thread 0x00007f69f4010800 Implicit null exception at 0x00007f69e572478f to 0x00007f69e57247f9

Events (10 events):
Event: 5.560 loading class sun/nio/cs/UTF_16$Decoder
Event: 5.571 loading class sun/nio/cs/UnicodeDecoder
Event: 5.577 loading class sun/nio/cs/UnicodeDecoder done
Event: 5.577 loading class sun/nio/cs/UTF_16$Decoder done
Event: 5.577 loading class sun/font/FileFontStrike
Event: 5.577 loading class sun/font/FileFontStrike done
Event: 5.577 loading class sun/font/FontScaler
Event: 5.578 loading class sun/font/FontScaler done
Event: 5.578 loading class sun/font/FreetypeFontScaler
Event: 5.578 loading class sun/font/FreetypeFontScaler done


Dynamic libraries:
00400000-00401000 r-xp 00000000 08:05 1967080                            /usr/lib/jvm/java-9-openjdk-amd64/bin/java
00600000-00601000 r--p 00000000 08:05 1967080                            /usr/lib/jvm/java-9-openjdk-amd64/bin/java
00601000-00602000 rw-p 00001000 08:05 1967080                            /usr/lib/jvm/java-9-openjdk-amd64/bin/java
01fd8000-01ff9000 rw-p 00000000 00:00 0                                  [heap]
85c00000-8d800000 rw-p 00000000 00:00 0 
8d800000-100000000 ---p 00000000 00:00 0 
100000000-100160000 rw-p 00000000 00:00 0 
100160000-140000000 ---p 00000000 00:00 0 
7f6958000000-7f6958021000 rw-p 00000000 00:00 0 
7f6958021000-7f695c000000 ---p 00000000 00:00 0 
7f6960000000-7f6960021000 rw-p 00000000 00:00 0 
7f6960021000-7f6964000000 ---p 00000000 00:00 0 
7f6964000000-7f6964021000 rw-p 00000000 00:00 0 
7f6964021000-7f6968000000 ---p 00000000 00:00 0 
7f6968000000-7f6968021000 rw-p 00000000 00:00 0 
7f6968021000-7f696c000000 ---p 00000000 00:00 0 
7f696c000000-7f696c021000 rw-p 00000000 00:00 0 
7f696c021000-7f6970000000 ---p 00000000 00:00 0 
7f6970000000-7f6970021000 rw-p 00000000 00:00 0 
7f6970021000-7f6974000000 ---p 00000000 00:00 0 
7f6974000000-7f6974021000 rw-p 00000000 00:00 0 
7f6974021000-7f6978000000 ---p 00000000 00:00 0 
7f6978f68000-7f6978f6c000 ---p 00000000 00:00 0 
7f6978f6c000-7f6979069000 rw-p 00000000 00:00 0 
7f6979069000-7f697906d000 ---p 00000000 00:00 0 
7f697906d000-7f697916a000 rw-p 00000000 00:00 0 
7f697916a000-7f697916e000 ---p 00000000 00:00 0 
7f697916e000-7f697926b000 rw-p 00000000 00:00 0 
7f697926b000-7f6979282000 r-xp 00000000 08:05 4592214                    /lib/x86_64-linux-gnu/libresolv-2.23.so
7f6979282000-7f6979482000 ---p 00017000 08:05 4592214                    /lib/x86_64-linux-gnu/libresolv-2.23.so
7f6979482000-7f6979483000 r--p 00017000 08:05 4592214                    /lib/x86_64-linux-gnu/libresolv-2.23.so
7f6979483000-7f6979484000 rw-p 00018000 08:05 4592214                    /lib/x86_64-linux-gnu/libresolv-2.23.so
7f6979484000-7f6979486000 rw-p 00000000 00:00 0 
7f6979486000-7f697948b000 r-xp 00000000 08:05 4592158                    /lib/x86_64-linux-gnu/libnss_dns-2.23.so
7f697948b000-7f697968b000 ---p 00005000 08:05 4592158                    /lib/x86_64-linux-gnu/libnss_dns-2.23.so
7f697968b000-7f697968c000 r--p 00005000 08:05 4592158                    /lib/x86_64-linux-gnu/libnss_dns-2.23.so
7f697968c000-7f697968d000 rw-p 00006000 08:05 4592158                    /lib/x86_64-linux-gnu/libnss_dns-2.23.so
7f697968d000-7f697968f000 r-xp 00000000 08:05 4592166                    /lib/x86_64-linux-gnu/libnss_mdns4_minimal.so.2
7f697968f000-7f697988e000 ---p 00002000 08:05 4592166                    /lib/x86_64-linux-gnu/libnss_mdns4_minimal.so.2
7f697988e000-7f697988f000 r--p 00001000 08:05 4592166                    /lib/x86_64-linux-gnu/libnss_mdns4_minimal.so.2
7f697988f000-7f6979890000 rw-p 00002000 08:05 4592166                    /lib/x86_64-linux-gnu/libnss_mdns4_minimal.so.2
7f6979890000-7f6979a10000 rw-p 00000000 00:00 0 
7f6979a10000-7f6979a90000 ---p 00000000 00:00 0 
7f6979a90000-7f6979a94000 ---p 00000000 00:00 0 
7f6979a94000-7f6979b91000 rw-p 00000000 00:00 0 
7f6979b91000-7f6979b95000 ---p 00000000 00:00 0 
7f6979b95000-7f6979c92000 rw-p 00000000 00:00 0 
7f6979c92000-7f6979c97000 r-xp 00000000 08:05 1843834                    /usr/lib/x86_64-linux-gnu/libXfixes.so.3.1.0
7f6979c97000-7f6979e96000 ---p 00005000 08:05 1843834                    /usr/lib/x86_64-linux-gnu/libXfixes.so.3.1.0
7f6979e96000-7f6979e97000 r--p 00004000 08:05 1843834                    /usr/lib/x86_64-linux-gnu/libXfixes.so.3.1.0
7f6979e97000-7f6979e98000 rw-p 00005000 08:05 1843834                    /usr/lib/x86_64-linux-gnu/libXfixes.so.3.1.0
7f6979e98000-7f6979ea1000 r-xp 00000000 08:05 1843826                    /usr/lib/x86_64-linux-gnu/libXcursor.so.1.0.2
7f6979ea1000-7f697a0a0000 ---p 00009000 08:05 1843826                    /usr/lib/x86_64-linux-gnu/libXcursor.so.1.0.2
7f697a0a0000-7f697a0a1000 r--p 00008000 08:05 1843826                    /usr/lib/x86_64-linux-gnu/libXcursor.so.1.0.2
7f697a0a1000-7f697a0a2000 rw-p 00009000 08:05 1843826                    /usr/lib/x86_64-linux-gnu/libXcursor.so.1.0.2
7f697a0a2000-7f697a0a6000 ---p 00000000 00:00 0 
7f697a0a6000-7f697a1a3000 rw-p 00000000 00:00 0 
7f697a1a3000-7f697a1c7000 r-xp 00000000 08:05 4592203                    /lib/x86_64-linux-gnu/libpng12.so.0.54.0
7f697a1c7000-7f697a3c6000 ---p 00024000 08:05 4592203                    /lib/x86_64-linux-gnu/libpng12.so.0.54.0
7f697a3c6000-7f697a3c7000 r--p 00023000 08:05 4592203                    /lib/x86_64-linux-gnu/libpng12.so.0.54.0
7f697a3c7000-7f697a3c8000 rw-p 00024000 08:05 4592203                    /lib/x86_64-linux-gnu/libpng12.so.0.54.0
7f697a3c8000-7f697a46c000 r-xp 00000000 08:05 1844237                    /usr/lib/x86_64-linux-gnu/libfreetype.so.6.12.1
7f697a46c000-7f697a66b000 ---p 000a4000 08:05 1844237                    /usr/lib/x86_64-linux-gnu/libfreetype.so.6.12.1
7f697a66b000-7f697a671000 r--p 000a3000 08:05 1844237                    /usr/lib/x86_64-linux-gnu/libfreetype.so.6.12.1
7f697a671000-7f697a672000 rw-p 000a9000 08:05 1844237                    /usr/lib/x86_64-linux-gnu/libfreetype.so.6.12.1
7f697a672000-7f697a738000 r-xp 00000000 08:05 1967100                    /usr/lib/jvm/java-9-openjdk-amd64/lib/amd64/libfontmanager.so
7f697a738000-7f697a937000 ---p 000c6000 08:05 1967100                    /usr/lib/jvm/java-9-openjdk-amd64/lib/amd64/libfontmanager.so
7f697a937000-7f697a93a000 r--p 000c5000 08:05 1967100                    /usr/lib/jvm/java-9-openjdk-amd64/lib/amd64/libfontmanager.so
7f697a93a000-7f697a93b000 rw-p 000c8000 08:05 1967100                    /usr/lib/jvm/java-9-openjdk-amd64/lib/amd64/libfontmanager.so
7f697a93b000-7f697a93c000 rw-p 00000000 00:00 0 
7f697a93c000-7f697a941000 r-xp 00000000 08:05 1843830                    /usr/lib/x86_64-linux-gnu/libXdmcp.so.6.0.0
7f697a941000-7f697ab40000 ---p 00005000 08:05 1843830                    /usr/lib/x86_64-linux-gnu/libXdmcp.so.6.0.0
7f697ab40000-7f697ab41000 r--p 00004000 08:05 1843830                    /usr/lib/x86_64-linux-gnu/libXdmcp.so.6.0.0
7f697ab41000-7f697ab42000 rw-p 00005000 08:05 1843830                    /usr/lib/x86_64-linux-gnu/libXdmcp.so.6.0.0
7f697ab42000-7f697ab44000 r-xp 00000000 08:05 1843819                    /usr/lib/x86_64-linux-gnu/libXau.so.6.0.0
7f697ab44000-7f697ad44000 ---p 00002000 08:05 1843819                    /usr/lib/x86_64-linux-gnu/libXau.so.6.0.0
7f697ad44000-7f697ad45000 r--p 00002000 08:05 1843819                    /usr/lib/x86_64-linux-gnu/libXau.so.6.0.0
7f697ad45000-7f697ad46000 rw-p 00003000 08:05 1843819                    /usr/lib/x86_64-linux-gnu/libXau.so.6.0.0
7f697ad46000-7f697ad67000 r-xp 00000000 08:05 1845172                    /usr/lib/x86_64-linux-gnu/libxcb.so.1.1.0
7f697ad67000-7f697af66000 ---p 00021000 08:05 1845172                    /usr/lib/x86_64-linux-gnu/libxcb.so.1.1.0
7f697af66000-7f697af67000 r--p 00020000 08:05 1845172                    /usr/lib/x86_64-linux-gnu/libxcb.so.1.1.0
7f697af67000-7f697af68000 rw-p 00021000 08:05 1845172                    /usr/lib/x86_64-linux-gnu/libxcb.so.1.1.0
7f697af68000-7f697af77000 r-xp 00000000 08:05 1843840                    /usr/lib/x86_64-linux-gnu/libXi.so.6.1.0
7f697af77000-7f697b176000 ---p 0000f000 08:05 1843840                    /usr/lib/x86_64-linux-gnu/libXi.so.6.1.0
7f697b176000-7f697b177000 r--p 0000e000 08:05 1843840                    /usr/lib/x86_64-linux-gnu/libXi.so.6.1.0
7f697b177000-7f697b178000 rw-p 0000f000 08:05 1843840                    /usr/lib/x86_64-linux-gnu/libXi.so.6.1.0
7f697b178000-7f697b17d000 r-xp 00000000 08:05 1843858                    /usr/lib/x86_64-linux-gnu/libXtst.so.6.1.0
7f697b17d000-7f697b37c000 ---p 00005000 08:05 1843858                    /usr/lib/x86_64-linux-gnu/libXtst.so.6.1.0
7f697b37c000-7f697b37d000 r--p 00004000 08:05 1843858                    /usr/lib/x86_64-linux-gnu/libXtst.so.6.1.0
7f697b37d000-7f697b37e000 rw-p 00005000 08:05 1843858                    /usr/lib/x86_64-linux-gnu/libXtst.so.6.1.0
7f697b37e000-7f697b387000 r-xp 00000000 08:05 1843852                    /usr/lib/x86_64-linux-gnu/libXrender.so.1.3.0
7f697b387000-7f697b586000 ---p 00009000 08:05 1843852                    /usr/lib/x86_64-linux-gnu/libXrender.so.1.3.0
7f697b586000-7f697b587000 r--p 00008000 08:05 1843852                    /usr/lib/x86_64-linux-gnu/libXrender.so.1.3.0
7f697b587000-7f697b588000 rw-p 00009000 08:05 1843852                    /usr/lib/x86_64-linux-gnu/libXrender.so.1.3.0
7f697b588000-7f697b6bd000 r-xp 00000000 08:05 1843815                    /usr/lib/x86_64-linux-gnu/libX11.so.6.3.0
7f697b6bd000-7f697b8bd000 ---p 00135000 08:05 1843815                    /usr/lib/x86_64-linux-gnu/libX11.so.6.3.0
7f697b8bd000-7f697b8be000 r--p 00135000 08:05 1843815                    /usr/lib/x86_64-linux-gnu/libX11.so.6.3.0
7f697b8be000-7f697b8c2000 rw-p 00136000 08:05 1843815                    /usr/lib/x86_64-linux-gnu/libX11.so.6.3.0
7f697b8c2000-7f697b8d3000 r-xp 00000000 08:05 1843832                    /usr/lib/x86_64-linux-gnu/libXext.so.6.4.0
7f697b8d3000-7f697bad2000 ---p 00011000 08:05 1843832                    /usr/lib/x86_64-linux-gnu/libXext.so.6.4.0
7f697bad2000-7f697bad3000 r--p 00010000 08:05 1843832                    /usr/lib/x86_64-linux-gnu/libXext.so.6.4.0
7f697bad3000-7f697bad4000 rw-p 00011000 08:05 1843832                    /usr/lib/x86_64-linux-gnu/libXext.so.6.4.0
7f697bad4000-7f697bb2b000 r-xp 00000000 08:05 1967127                    /usr/lib/jvm/java-9-openjdk-amd64/lib/amd64/libawt_xawt.so
7f697bb2b000-7f697bd2b000 ---p 00057000 08:05 1967127                    /usr/lib/jvm/java-9-openjdk-amd64/lib/amd64/libawt_xawt.so
7f697bd2b000-7f697bd2c000 r--p 00057000 08:05 1967127                    /usr/lib/jvm/java-9-openjdk-amd64/lib/amd64/libawt_xawt.so
7f697bd2c000-7f697bd2f000 rw-p 00058000 08:05 1967127                    /usr/lib/jvm/java-9-openjdk-amd64/lib/amd64/libawt_xawt.so
7f697bd2f000-7f697bd30000 rw-p 00000000 00:00 0 
7f697bd30000-7f697bdd0000 r-xp 00000000 08:05 1967099                    /usr/lib/jvm/java-9-openjdk-amd64/lib/amd64/libawt.so
7f697bdd0000-7f697bfcf000 ---p 000a0000 08:05 1967099                    /usr/lib/jvm/java-9-openjdk-amd64/lib/amd64/libawt.so
7f697bfcf000-7f697bfd0000 r--p 0009f000 08:05 1967099                    /usr/lib/jvm/java-9-openjdk-amd64/lib/amd64/libawt.so
7f697bfd0000-7f697bfdb000 rw-p 000a0000 08:05 1967099                    /usr/lib/jvm/java-9-openjdk-amd64/lib/amd64/libawt.so
7f697bfdb000-7f697c000000 rw-p 00000000 00:00 0 
7f697c000000-7f697c021000 rw-p 00000000 00:00 0 
7f697c021000-7f6980000000 ---p 00000000 00:00 0 
7f6980000000-7f6980021000 rw-p 00000000 00:00 0 
7f6980021000-7f6984000000 ---p 00000000 00:00 0 
7f6984000000-7f6984127000 rw-p 00000000 00:00 0 
7f6984127000-7f6988000000 ---p 00000000 00:00 0 
7f6988000000-7f6988021000 rw-p 00000000 00:00 0 
7f6988021000-7f698c000000 ---p 00000000 00:00 0 
7f698c000000-7f698c3e7000 rw-p 00000000 00:00 0 
7f698c3e7000-7f6990000000 ---p 00000000 00:00 0 
7f6990000000-7f6990249000 rw-p 00000000 00:00 0 
7f6990249000-7f6994000000 ---p 00000000 00:00 0 
7f6994000000-7f6994021000 rw-p 00000000 00:00 0 
7f6994021000-7f6998000000 ---p 00000000 00:00 0 
7f6998000000-7f6998021000 rw-p 00000000 00:00 0 
7f6998021000-7f699c000000 ---p 00000000 00:00 0 
7f699c000000-7f699c021000 rw-p 00000000 00:00 0 
7f699c021000-7f69a0000000 ---p 00000000 00:00 0 
7f69a0000000-7f69a0021000 rw-p 00000000 00:00 0 
7f69a0021000-7f69a4000000 ---p 00000000 00:00 0 
7f69a4000000-7f69a4021000 rw-p 00000000 00:00 0 
7f69a4021000-7f69a8000000 ---p 00000000 00:00 0 
7f69a8000000-7f69a8021000 rw-p 00000000 00:00 0 
7f69a8021000-7f69ac000000 ---p 00000000 00:00 0 
7f69ac0cc000-7f69ac0cd000 ---p 00000000 00:00 0 
7f69ac0cd000-7f69ac1cd000 rw-p 00000000 00:00 0 
7f69ac1cd000-7f69ac1d1000 ---p 00000000 00:00 0 
7f69ac1d1000-7f69ac2ce000 rw-p 00000000 00:00 0 
7f69ac2ce000-7f69ac2d2000 ---p 00000000 00:00 0 
7f69ac2d2000-7f69ac6d0000 rw-p 00000000 00:00 0 
7f69ac6d0000-7f69ac6e6000 r-xp 00000000 08:05 1967101                    /usr/lib/jvm/java-9-openjdk-amd64/lib/amd64/libnet.so
7f69ac6e6000-7f69ac8e5000 ---p 00016000 08:05 1967101                    /usr/lib/jvm/java-9-openjdk-amd64/lib/amd64/libnet.so
7f69ac8e5000-7f69ac8e6000 r--p 00015000 08:05 1967101                    /usr/lib/jvm/java-9-openjdk-amd64/lib/amd64/libnet.so
7f69ac8e6000-7f69ac8e7000 rw-p 00016000 08:05 1967101                    /usr/lib/jvm/java-9-openjdk-amd64/lib/amd64/libnet.so
7f69ac8e7000-7f69ac8f8000 r-xp 00000000 08:05 1967128                    /usr/lib/jvm/java-9-openjdk-amd64/lib/amd64/libnio.so
7f69ac8f8000-7f69acaf8000 ---p 00011000 08:05 1967128                    /usr/lib/jvm/java-9-openjdk-amd64/lib/amd64/libnio.so
7f69acaf8000-7f69acaf9000 r--p 00011000 08:05 1967128                    /usr/lib/jvm/java-9-openjdk-amd64/lib/amd64/libnio.so
7f69acaf9000-7f69acafa000 rw-p 00012000 08:05 1967128                    /usr/lib/jvm/java-9-openjdk-amd64/lib/amd64/libnio.so
7f69acafa000-7f69acafe000 ---p 00000000 00:00 0 
7f69acafe000-7f69acbfb000 rw-p 00000000 00:00 0 
7f69acbfb000-7f69acbff000 ---p 00000000 00:00 0 
7f69acbff000-7f69accfc000 rw-p 00000000 00:00 0 
7f69accfc000-7f69acd00000 ---p 00000000 00:00 0 
7f69acd00000-7f69acdfd000 rw-p 00000000 00:00 0 
7f69acdfd000-7f69ace01000 ---p 00000000 00:00 0 
7f69ace01000-7f69acefe000 rw-p 00000000 00:00 0 
7f69acefe000-7f69acf02000 ---p 00000000 00:00 0 
7f69acf02000-7f69acfff000 rw-p 00000000 00:00 0 
7f69acfff000-7f69ad003000 ---p 00000000 00:00 0 
7f69ad003000-7f69ad100000 rw-p 00000000 00:00 0 
7f69ad100000-7f69ad800000 r--p 00000000 08:05 1842968                    /usr/lib/locale/locale-archive
7f69ad800000-7f69b0000000 rw-p 00000000 00:00 0 
7f69b0000000-7f69b0021000 rw-p 00000000 00:00 0 
7f69b0021000-7f69b4000000 ---p 00000000 00:00 0 
7f69b40de000-7f69b40e2000 ---p 00000000 00:00 0 
7f69b40e2000-7f69b41df000 rw-p 00000000 00:00 0 
7f69b41df000-7f69b41e3000 ---p 00000000 00:00 0 
7f69b41e3000-7f69b44d0000 rw-p 00000000 00:00 0 
7f69b44d0000-7f69b6170000 ---p 00000000 00:00 0 
7f69b6170000-7f69b6360000 rw-p 00000000 00:00 0 
7f69b6360000-7f69b8000000 ---p 00000000 00:00 0 
7f69b8000000-7f69b8021000 rw-p 00000000 00:00 0 
7f69b8021000-7f69bc000000 ---p 00000000 00:00 0 
7f69bc000000-7f69bc021000 rw-p 00000000 00:00 0 
7f69bc021000-7f69c0000000 ---p 00000000 00:00 0 
7f69c0000000-7f69c0021000 rw-p 00000000 00:00 0 
7f69c0021000-7f69c4000000 ---p 00000000 00:00 0 
7f69c4000000-7f69c4021000 rw-p 00000000 00:00 0 
7f69c4021000-7f69c8000000 ---p 00000000 00:00 0 
7f69c8000000-7f69c8021000 rw-p 00000000 00:00 0 
7f69c8021000-7f69cc000000 ---p 00000000 00:00 0 
7f69cc000000-7f69cc021000 rw-p 00000000 00:00 0 
7f69cc021000-7f69d0000000 ---p 00000000 00:00 0 
7f69d0000000-7f69d0021000 rw-p 00000000 00:00 0 
7f69d0021000-7f69d4000000 ---p 00000000 00:00 0 
7f69d4000000-7f69d4021000 rw-p 00000000 00:00 0 
7f69d4021000-7f69d8000000 ---p 00000000 00:00 0 
7f69d8000000-7f69d8021000 rw-p 00000000 00:00 0 
7f69d8021000-7f69dc000000 ---p 00000000 00:00 0 
7f69dc09d000-7f69dc0a8000 r--s 00000000 08:05 131166                     /var/cache/fontconfig/945677eb7aeaf62f1d50efc3fb3ec7d8-le64.cache-6
7f69dc0a8000-7f69dc0bd000 r--s 00000000 08:05 131142                     /var/cache/fontconfig/04aabc0a78ac019cf9454389977116d2-le64.cache-6
7f69dc0bd000-7f69dc0be000 ---p 00000000 00:00 0 
7f69dc0be000-7f69dc804000 rw-p 00000000 00:00 0 
7f69dc804000-7f69dc805000 ---p 00000000 00:00 0 
7f69dc805000-7f69dc905000 rw-p 00000000 00:00 0 
7f69dc905000-7f69dc906000 ---p 00000000 00:00 0 
7f69dc906000-7f69dca44000 rw-p 00000000 00:00 0 
7f69dca44000-7f69dcdd8000 ---p 00000000 00:00 0 
7f69dcdd8000-7f69dce16000 rw-p 00000000 00:00 0 
7f69dce16000-7f69dd57c000 ---p 00000000 00:00 0 
7f69dd57c000-7f69dd5ba000 rw-p 00000000 00:00 0 
7f69dd5ba000-7f69dd94e000 ---p 00000000 00:00 0 
7f69dd94e000-7f69dd94f000 ---p 00000000 00:00 0 
7f69dd94f000-7f69dda4f000 rw-p 00000000 00:00 0 
7f69dda4f000-7f69dda50000 ---p 00000000 00:00 0 
7f69dda50000-7f69ddb50000 rw-p 00000000 00:00 0 
7f69ddb50000-7f69ddb51000 ---p 00000000 00:00 0 
7f69ddb51000-7f69ddc51000 rw-p 00000000 00:00 0 
7f69ddc51000-7f69ddec1000 rwxp 00000000 00:00 0 
7f69ddec1000-7f69de1e1000 ---p 00000000 00:00 0 
7f69de1e1000-7f69de451000 rwxp 00000000 00:00 0 
7f69de451000-7f69e5719000 ---p 00000000 00:00 0 
7f69e5719000-7f69e5989000 rwxp 00000000 00:00 0 
7f69e5989000-7f69ecc51000 ---p 00000000 00:00 0 
7f69ecc51000-7f69f4000000 r--s 00000000 08:05 1967085                    /usr/lib/jvm/java-9-openjdk-amd64/lib/modules
7f69f4000000-7f69f46a3000 rw-p 00000000 00:00 0 
7f69f46a3000-7f69f8000000 ---p 00000000 00:00 0 
7f69f8003000-7f69f8009000 r--s 00000000 08:05 131147                     /var/cache/fontconfig/2cd17615ca594fa2959ae173292e504c-le64.cache-6
7f69f8009000-7f69f800a000 r--s 00000000 08:05 131144                     /var/cache/fontconfig/0d8c3b2ac0904cb8a57a757ad11a4a08-le64.cache-6
7f69f800a000-7f69f800b000 r--s 00000000 08:05 131146                     /var/cache/fontconfig/1ac9eb803944fde146138c791f5cc56a-le64.cache-6
7f69f800b000-7f69f800f000 r--s 00000000 08:05 131151                     /var/cache/fontconfig/385c0604a188198f04d133e54aba7fe7-le64.cache-6
7f69f800f000-7f69f8012000 r--s 00000000 08:05 131162                     /var/cache/fontconfig/767a8244fc0220cfb567a839d0392e0b-le64.cache-6
7f69f8012000-7f69f8017000 r--s 00000000 08:05 131165                     /var/cache/fontconfig/8801497958630a81b71ace7c5f9b32a8-le64.cache-6
7f69f8017000-7f69f801e000 r--s 00000000 08:05 131148                     /var/cache/fontconfig/3047814df9a2f067bd2d96a2b9c36e5a-le64.cache-6
7f69f801e000-7f69f8024000 r--s 00000000 08:05 131170                     /var/cache/fontconfig/b47c4e1ecd0709278f4910c18777a504-le64.cache-6
7f69f8024000-7f69f8037000 r--s 00000000 08:05 131176                     /var/cache/fontconfig/d52a8644073d54c13679302ca1180695-le64.cache-6
7f69f8037000-7f69f8049000 r--s 00000000 08:05 131168                     /var/cache/fontconfig/9b89f8e3dae116d678bbf48e5f21f69b-le64.cache-6
7f69f8049000-7f69f80c4000 rw-p 00000000 00:00 0 
7f69f80c4000-7f69f80c5000 ---p 00000000 00:00 0 
7f69f80c5000-7f69f81c5000 rw-p 00000000 00:00 0 
7f69f81c5000-7f69f81c6000 ---p 00000000 00:00 0 
7f69f81c6000-7f69f86ca000 rw-p 00000000 00:00 0 
7f69f86ca000-7f69f86cb000 ---p 00000000 00:00 0 
7f69f86cb000-7f69f87cb000 rw-p 00000000 00:00 0 
7f69f87cb000-7f69f87cc000 ---p 00000000 00:00 0 
7f69f87cc000-7f69f88cc000 rw-p 00000000 00:00 0 
7f69f88cc000-7f69f88cd000 ---p 00000000 00:00 0 
7f69f88cd000-7f69f89cd000 rw-p 00000000 00:00 0 
7f69f89cd000-7f69f89ce000 ---p 00000000 00:00 0 
7f69f89ce000-7f69f8ad3000 rw-p 00000000 00:00 0 
7f69f8ad3000-7f69f8bb9000 ---p 00000000 00:00 0 
7f69f8bb9000-7f69f8bbe000 rw-p 00000000 00:00 0 
7f69f8bbe000-7f69f8ca4000 ---p 00000000 00:00 0 
7f69f8ca4000-7f69f8ca9000 r-xp 00000000 08:05 1967115                    /usr/lib/jvm/java-9-openjdk-amd64/lib/amd64/libjimage.so
7f69f8ca9000-7f69f8ea8000 ---p 00005000 08:05 1967115                    /usr/lib/jvm/java-9-openjdk-amd64/lib/amd64/libjimage.so
7f69f8ea8000-7f69f8ea9000 r--p 00004000 08:05 1967115                    /usr/lib/jvm/java-9-openjdk-amd64/lib/amd64/libjimage.so
7f69f8ea9000-7f69f8eaa000 rw-p 00005000 08:05 1967115                    /usr/lib/jvm/java-9-openjdk-amd64/lib/amd64/libjimage.so
7f69f8eaa000-7f69f8eb1000 r-xp 00000000 08:05 1967111                    /usr/lib/jvm/java-9-openjdk-amd64/lib/amd64/libzip.so
7f69f8eb1000-7f69f90b0000 ---p 00007000 08:05 1967111                    /usr/lib/jvm/java-9-openjdk-amd64/lib/amd64/libzip.so
7f69f90b0000-7f69f90b1000 r--p 00006000 08:05 1967111                    /usr/lib/jvm/java-9-openjdk-amd64/lib/amd64/libzip.so
7f69f90b1000-7f69f90b2000 rw-p 00007000 08:05 1967111                    /usr/lib/jvm/java-9-openjdk-amd64/lib/amd64/libzip.so
7f69f90b2000-7f69f90bd000 r-xp 00000000 08:05 4592160                    /lib/x86_64-linux-gnu/libnss_files-2.23.so
7f69f90bd000-7f69f92bc000 ---p 0000b000 08:05 4592160                    /lib/x86_64-linux-gnu/libnss_files-2.23.so
7f69f92bc000-7f69f92bd000 r--p 0000a000 08:05 4592160                    /lib/x86_64-linux-gnu/libnss_files-2.23.so
7f69f92bd000-7f69f92be000 rw-p 0000b000 08:05 4592160                    /lib/x86_64-linux-gnu/libnss_files-2.23.so
7f69f92be000-7f69f92c4000 rw-p 00000000 00:00 0 
7f69f92c4000-7f69f92cf000 r-xp 00000000 08:05 4592171                    /lib/x86_64-linux-gnu/libnss_nis-2.23.so
7f69f92cf000-7f69f94ce000 ---p 0000b000 08:05 4592171                    /lib/x86_64-linux-gnu/libnss_nis-2.23.so
7f69f94ce000-7f69f94cf000 r--p 0000a000 08:05 4592171                    /lib/x86_64-linux-gnu/libnss_nis-2.23.so
7f69f94cf000-7f69f94d0000 rw-p 0000b000 08:05 4592171                    /lib/x86_64-linux-gnu/libnss_nis-2.23.so
7f69f94d0000-7f69f94e6000 r-xp 00000000 08:05 4592154                    /lib/x86_64-linux-gnu/libnsl-2.23.so
7f69f94e6000-7f69f96e5000 ---p 00016000 08:05 4592154                    /lib/x86_64-linux-gnu/libnsl-2.23.so
7f69f96e5000-7f69f96e6000 r--p 00015000 08:05 4592154                    /lib/x86_64-linux-gnu/libnsl-2.23.so
7f69f96e6000-7f69f96e7000 rw-p 00016000 08:05 4592154                    /lib/x86_64-linux-gnu/libnsl-2.23.so
7f69f96e7000-7f69f96e9000 rw-p 00000000 00:00 0 
7f69f96e9000-7f69f96f1000 r-xp 00000000 08:05 4592156                    /lib/x86_64-linux-gnu/libnss_compat-2.23.so
7f69f96f1000-7f69f98f0000 ---p 00008000 08:05 4592156                    /lib/x86_64-linux-gnu/libnss_compat-2.23.so
7f69f98f0000-7f69f98f1000 r--p 00007000 08:05 4592156                    /lib/x86_64-linux-gnu/libnss_compat-2.23.so
7f69f98f1000-7f69f98f2000 rw-p 00008000 08:05 4592156                    /lib/x86_64-linux-gnu/libnss_compat-2.23.so
7f69f98f2000-7f69f991d000 r-xp 00000000 08:05 1967094                    /usr/lib/jvm/java-9-openjdk-amd64/lib/amd64/libjava.so
7f69f991d000-7f69f9b1c000 ---p 0002b000 08:05 1967094                    /usr/lib/jvm/java-9-openjdk-amd64/lib/amd64/libjava.so
7f69f9b1c000-7f69f9b1d000 r--p 0002a000 08:05 1967094                    /usr/lib/jvm/java-9-openjdk-amd64/lib/amd64/libjava.so
7f69f9b1d000-7f69f9b1f000 rw-p 0002b000 08:05 1967094                    /usr/lib/jvm/java-9-openjdk-amd64/lib/amd64/libjava.so
7f69f9b1f000-7f69f9b2c000 r-xp 00000000 08:05 1967095                    /usr/lib/jvm/java-9-openjdk-amd64/lib/amd64/libverify.so
7f69f9b2c000-7f69f9d2b000 ---p 0000d000 08:05 1967095                    /usr/lib/jvm/java-9-openjdk-amd64/lib/amd64/libverify.so
7f69f9d2b000-7f69f9d2d000 r--p 0000c000 08:05 1967095                    /usr/lib/jvm/java-9-openjdk-amd64/lib/amd64/libverify.so
7f69f9d2d000-7f69f9d2e000 rw-p 0000e000 08:05 1967095                    /usr/lib/jvm/java-9-openjdk-amd64/lib/amd64/libverify.so
7f69f9d2e000-7f69f9d35000 r-xp 00000000 08:05 4592216                    /lib/x86_64-linux-gnu/librt-2.23.so
7f69f9d35000-7f69f9f34000 ---p 00007000 08:05 4592216                    /lib/x86_64-linux-gnu/librt-2.23.so
7f69f9f34000-7f69f9f35000 r--p 00006000 08:05 4592216                    /lib/x86_64-linux-gnu/librt-2.23.so
7f69f9f35000-7f69f9f36000 rw-p 00007000 08:05 4592216                    /lib/x86_64-linux-gnu/librt-2.23.so
7f69f9f36000-7f69f9f4c000 r-xp 00000000 08:05 4592101                    /lib/x86_64-linux-gnu/libgcc_s.so.1
7f69f9f4c000-7f69fa14b000 ---p 00016000 08:05 4592101                    /lib/x86_64-linux-gnu/libgcc_s.so.1
7f69fa14b000-7f69fa14c000 rw-p 00015000 08:05 4592101                    /lib/x86_64-linux-gnu/libgcc_s.so.1
7f69fa14c000-7f69fa254000 r-xp 00000000 08:05 4592133                    /lib/x86_64-linux-gnu/libm-2.23.so
7f69fa254000-7f69fa453000 ---p 00108000 08:05 4592133                    /lib/x86_64-linux-gnu/libm-2.23.so
7f69fa453000-7f69fa454000 r--p 00107000 08:05 4592133                    /lib/x86_64-linux-gnu/libm-2.23.so
7f69fa454000-7f69fa455000 rw-p 00108000 08:05 4592133                    /lib/x86_64-linux-gnu/libm-2.23.so
7f69fa455000-7f69fa5c7000 r-xp 00000000 08:05 1844972                    /usr/lib/x86_64-linux-gnu/libstdc++.so.6.0.21
7f69fa5c7000-7f69fa7c7000 ---p 00172000 08:05 1844972                    /usr/lib/x86_64-linux-gnu/libstdc++.so.6.0.21
7f69fa7c7000-7f69fa7d1000 r--p 00172000 08:05 1844972                    /usr/lib/x86_64-linux-gnu/libstdc++.so.6.0.21
7f69fa7d1000-7f69fa7d3000 rw-p 0017c000 08:05 1844972                    /usr/lib/x86_64-linux-gnu/libstdc++.so.6.0.21
7f69fa7d3000-7f69fa7d7000 rw-p 00000000 00:00 0 
7f69fa7d7000-7f69fb635000 r-xp 00000000 08:05 1967108                    /usr/lib/jvm/java-9-openjdk-amd64/lib/amd64/server/libjvm.so
7f69fb635000-7f69fb835000 ---p 00e5e000 08:05 1967108                    /usr/lib/jvm/java-9-openjdk-amd64/lib/amd64/server/libjvm.so
7f69fb835000-7f69fb8e7000 r--p 00e5e000 08:05 1967108                    /usr/lib/jvm/java-9-openjdk-amd64/lib/amd64/server/libjvm.so
7f69fb8e7000-7f69fb919000 rw-p 00f10000 08:05 1967108                    /usr/lib/jvm/java-9-openjdk-amd64/lib/amd64/server/libjvm.so
7f69fb919000-7f69fb95e000 rw-p 00000000 00:00 0 
7f69fb95e000-7f69fb976000 r-xp 00000000 08:05 4592208                    /lib/x86_64-linux-gnu/libpthread-2.23.so
7f69fb976000-7f69fbb75000 ---p 00018000 08:05 4592208                    /lib/x86_64-linux-gnu/libpthread-2.23.so
7f69fbb75000-7f69fbb76000 r--p 00017000 08:05 4592208                    /lib/x86_64-linux-gnu/libpthread-2.23.so
7f69fbb76000-7f69fbb77000 rw-p 00018000 08:05 4592208                    /lib/x86_64-linux-gnu/libpthread-2.23.so
7f69fbb77000-7f69fbb7b000 rw-p 00000000 00:00 0 
7f69fbb7b000-7f69fbb7e000 r-xp 00000000 08:05 4592087                    /lib/x86_64-linux-gnu/libdl-2.23.so
7f69fbb7e000-7f69fbd7d000 ---p 00003000 08:05 4592087                    /lib/x86_64-linux-gnu/libdl-2.23.so
7f69fbd7d000-7f69fbd7e000 r--p 00002000 08:05 4592087                    /lib/x86_64-linux-gnu/libdl-2.23.so
7f69fbd7e000-7f69fbd7f000 rw-p 00003000 08:05 4592087                    /lib/x86_64-linux-gnu/libdl-2.23.so
7f69fbd7f000-7f69fbd98000 r-xp 00000000 08:05 4592252                    /lib/x86_64-linux-gnu/libz.so.1.2.8
7f69fbd98000-7f69fbf97000 ---p 00019000 08:05 4592252                    /lib/x86_64-linux-gnu/libz.so.1.2.8
7f69fbf97000-7f69fbf98000 r--p 00018000 08:05 4592252                    /lib/x86_64-linux-gnu/libz.so.1.2.8
7f69fbf98000-7f69fbf99000 rw-p 00019000 08:05 4592252                    /lib/x86_64-linux-gnu/libz.so.1.2.8
7f69fbf99000-7f69fc158000 r-xp 00000000 08:05 4592065                    /lib/x86_64-linux-gnu/libc-2.23.so
7f69fc158000-7f69fc358000 ---p 001bf000 08:05 4592065                    /lib/x86_64-linux-gnu/libc-2.23.so
7f69fc358000-7f69fc35c000 r--p 001bf000 08:05 4592065                    /lib/x86_64-linux-gnu/libc-2.23.so
7f69fc35c000-7f69fc35e000 rw-p 001c3000 08:05 4592065                    /lib/x86_64-linux-gnu/libc-2.23.so
7f69fc35e000-7f69fc362000 rw-p 00000000 00:00 0 
7f69fc362000-7f69fc370000 r-xp 00000000 08:05 1967125                    /usr/lib/jvm/java-9-openjdk-amd64/lib/amd64/jli/libjli.so
7f69fc370000-7f69fc56f000 ---p 0000e000 08:05 1967125                    /usr/lib/jvm/java-9-openjdk-amd64/lib/amd64/jli/libjli.so
7f69fc56f000-7f69fc570000 r--p 0000d000 08:05 1967125                    /usr/lib/jvm/java-9-openjdk-amd64/lib/amd64/jli/libjli.so
7f69fc570000-7f69fc571000 rw-p 0000e000 08:05 1967125                    /usr/lib/jvm/java-9-openjdk-amd64/lib/amd64/jli/libjli.so
7f69fc571000-7f69fc597000 r-xp 00000000 08:05 4592037                    /lib/x86_64-linux-gnu/ld-2.23.so
7f69fc597000-7f69fc598000 r--s 00000000 08:05 131179                     /var/cache/fontconfig/dc05db6664285cc2f12bf69c139ae4c3-le64.cache-6
7f69fc598000-7f69fc599000 r--s 00000000 08:05 131152                     /var/cache/fontconfig/4794a0821666d79190d59a36cb4f44b5-le64.cache-6
7f69fc599000-7f69fc59a000 r--s 00000000 08:05 131172                     /var/cache/fontconfig/bab58bb527bb656aaa9f116d68a48d89-le64.cache-6
7f69fc59a000-7f69fc59b000 r--s 00000000 08:05 131155                     /var/cache/fontconfig/56cf4f4769d0f4abc89a4895d7bd3ae1-le64.cache-6
7f69fc59b000-7f69fc59c000 r--s 00000000 08:05 131171                     /var/cache/fontconfig/b9d506c9ac06c20b433354fa67a72993-le64.cache-6
7f69fc59c000-7f69fc5a7000 r--s 00000000 08:05 141987                     /var/cache/fontconfig/d589a48862398ed80a3d6066f4f56f4c-le64.cache-6
7f69fc5a7000-7f69fc5b8000 r-xp 00000000 08:05 4592170                    /lib/x86_64-linux-gnu/libnss_myhostname.so.2
7f69fc5b8000-7f69fc5ba000 r--p 00010000 08:05 4592170                    /lib/x86_64-linux-gnu/libnss_myhostname.so.2
7f69fc5ba000-7f69fc5bb000 rw-p 00012000 08:05 4592170                    /lib/x86_64-linux-gnu/libnss_myhostname.so.2
7f69fc5bb000-7f69fc5bc000 r--s 00000000 08:05 131154                     /var/cache/fontconfig/551ecf3b0e8b0bca0f25c0944f561853-le64.cache-6
7f69fc5bc000-7f69fc5bd000 r--s 00000000 08:05 131149                     /var/cache/fontconfig/30829fa25452a46451e813d634d7f916-le64.cache-6
7f69fc5bd000-7f69fc5be000 r--s 00000000 08:05 131143                     /var/cache/fontconfig/0c9eb80ebd1c36541ebe2852d3bb0c49-le64.cache-6
7f69fc5be000-7f69fc5c1000 r--s 00000000 08:05 131161                     /var/cache/fontconfig/75114ca45c98e8a441da0ff356701271-le64.cache-6
7f69fc5c1000-7f69fc5cc000 r--s 00000000 08:05 131164                     /var/cache/fontconfig/83bf95040141907cd45bb53cf7c1c148-le64.cache-6
7f69fc5cc000-7f69fc5cf000 r--s 00000000 08:05 133838                     /var/cache/fontconfig/e13b20fdb08344e0e664864cc2ede53d-le64.cache-6
7f69fc5cf000-7f69fc5d3000 r--s 00000000 08:05 131156                     /var/cache/fontconfig/7ef2298fde41cc6eeb7af42e48b7d293-le64.cache-6
7f69fc5d3000-7f69fc676000 rw-p 00000000 00:00 0 
7f69fc676000-7f69fc67a000 ---p 00000000 00:00 0 
7f69fc67a000-7f69fc77c000 rw-p 00000000 00:00 0 
7f69fc77c000-7f69fc77e000 r--s 00000000 08:05 131158                     /var/cache/fontconfig/62f91419b9ebdb6975e7e41ab6412357-le64.cache-6
7f69fc77e000-7f69fc783000 rw-p 00000000 00:00 0 
7f69fc783000-7f69fc78a000 ---p 00000000 00:00 0 
7f69fc78a000-7f69fc792000 rw-s 00000000 08:05 1703971                    /tmp/hsperfdata_t0bi/3550
7f69fc792000-7f69fc793000 rw-p 00000000 00:00 0 
7f69fc793000-7f69fc794000 r--p 00000000 00:00 0 
7f69fc794000-7f69fc796000 rw-p 00000000 00:00 0 
7f69fc796000-7f69fc797000 r--p 00025000 08:05 4592037                    /lib/x86_64-linux-gnu/ld-2.23.so
7f69fc797000-7f69fc798000 rw-p 00026000 08:05 4592037                    /lib/x86_64-linux-gnu/ld-2.23.so
7f69fc798000-7f69fc799000 rw-p 00000000 00:00 0 
7fff2d744000-7fff2d765000 rw-p 00000000 00:00 0                          [stack]
7fff2d7a8000-7fff2d7aa000 r--p 00000000 00:00 0                          [vvar]
7fff2d7aa000-7fff2d7ac000 r-xp 00000000 00:00 0                          [vdso]
ffffffffff600000-ffffffffff601000 r-xp 00000000 00:00 0                  [vsyscall]

VM Arguments:
java_command: month
java_class_path (initial): .
Launcher Type: SUN_STANDARD

Environment Variables:
PATH=/home/t0bi/bin:/home/t0bi/.local/bin:/usr/local/sbin:/usr/local/bin:/usr/sbin:/usr/bin:/sbin:/bin:/usr/games:/usr/local/games:/snap/bin
USERNAME=t0bi
SHELL=/bin/bash
DISPLAY=:1

Signal Handlers:
SIGSEGV: [libjvm.so+0xc12c20], sa_mask[0]=11111111011111111101111111111110, sa_flags=SA_RESTART|SA_SIGINFO
SIGBUS: [libjvm.so+0xc12c20], sa_mask[0]=11111111011111111101111111111110, sa_flags=SA_RESTART|SA_SIGINFO
SIGFPE: [libjvm.so+0xc12c20], sa_mask[0]=11111111011111111101111111111110, sa_flags=SA_RESTART|SA_SIGINFO
SIGPIPE: [libjvm.so+0xa3b600], sa_mask[0]=11111111011111111101111111111110, sa_flags=SA_RESTART|SA_SIGINFO
SIGXFSZ: [libjvm.so+0xa3b600], sa_mask[0]=11111111011111111101111111111110, sa_flags=SA_RESTART|SA_SIGINFO
SIGILL: [libjvm.so+0xc12c20], sa_mask[0]=11111111011111111101111111111110, sa_flags=SA_RESTART|SA_SIGINFO
SIGUSR2: [libjvm.so+0xa3b4a0], sa_mask[0]=00000000000000000000000000000000, sa_flags=SA_RESTART|SA_SIGINFO
SIGHUP: [libjvm.so+0xa3b870], sa_mask[0]=11111111011111111101111111111110, sa_flags=SA_RESTART|SA_SIGINFO
SIGINT: [libjvm.so+0xa3b870], sa_mask[0]=11111111011111111101111111111110, sa_flags=SA_RESTART|SA_SIGINFO
SIGTERM: [libjvm.so+0xa3b870], sa_mask[0]=11111111011111111101111111111110, sa_flags=SA_RESTART|SA_SIGINFO
SIGQUIT: [libjvm.so+0xa3b870], sa_mask[0]=11111111011111111101111111111110, sa_flags=SA_RESTART|SA_SIGINFO


---------------  S Y S T E M  ---------------

OS:DISTRIB_ID=Ubuntu
DISTRIB_RELEASE=16.04
DISTRIB_CODENAME=xenial
DISTRIB_DESCRIPTION="Ubuntu 16.04.2 LTS"
uname:Linux 4.8.0-36-generic #36~16.04.1-Ubuntu SMP Sun Feb 5 09:39:57 UTC 2017 x86_64
libc:glibc 2.23 NPTL 2.23 
rlimit: STACK 8192k, CORE 0k, NPROC 30375, NOFILE 65536, AS infinity
load average:0.20 0.21 0.19

/proc/meminfo:
MemTotal:        8009520 kB
MemFree:         5564872 kB
MemAvailable:    6236100 kB
Buffers:           56988 kB
Cached:          1013432 kB
SwapCached:            0 kB
Active:          1575580 kB
Inactive:         684036 kB
Active(anon):    1190520 kB
Inactive(anon):   197624 kB
Active(file):     385060 kB
Inactive(file):   486412 kB
Unevictable:           0 kB
Mlocked:               0 kB
SwapTotal:             0 kB
SwapFree:              0 kB
Dirty:                68 kB
Writeback:            32 kB
AnonPages:       1038004 kB
Mapped:           262560 kB
Shmem:            198872 kB
Slab:              85636 kB
SReclaimable:      50664 kB
SUnreclaim:        34972 kB
KernelStack:        8992 kB
PageTables:        30300 kB
NFS_Unstable:          0 kB
Bounce:                0 kB
WritebackTmp:          0 kB
CommitLimit:     4004760 kB
Committed_AS:    4599408 kB
VmallocTotal:   34359738367 kB
VmallocUsed:           0 kB
VmallocChunk:          0 kB
HardwareCorrupted:     0 kB
AnonHugePages:    407552 kB
ShmemHugePages:        0 kB
ShmemPmdMapped:        0 kB
CmaTotal:              0 kB
CmaFree:               0 kB
HugePages_Total:       0
HugePages_Free:        0
HugePages_Rsvd:        0
HugePages_Surp:        0
Hugepagesize:       2048 kB
DirectMap4k:      118096 kB
DirectMap2M:     4960256 kB
DirectMap1G:     4194304 kB


CPU:total 4 (2 cores per cpu, 2 threads per core) family 6 model 78 stepping 3, cmov, cx8, fxsr, mmx, sse, sse2, sse3, ssse3, sse4.1, sse4.2, popcnt, avx, avx2, aes, clmul, erms, 3dnowpref, lzcnt, ht, tsc, tscinvbit, bmi1, bmi2, adx

CPU Model and flags from /proc/cpuinfo:
model name	: Intel(R) Core(TM) i5-6200U CPU @ 2.30GHz
flags		: fpu vme de pse tsc msr pae mce cx8 apic sep mtrr pge mca cmov pat pse36 clflush dts acpi mmx fxsr sse sse2 ss ht tm pbe syscall nx pdpe1gb rdtscp lm constant_tsc art arch_perfmon pebs bts rep_good nopl xtopology nonstop_tsc aperfmperf eagerfpu pni pclmulqdq dtes64 monitor ds_cpl vmx est tm2 ssse3 sdbg fma cx16 xtpr pdcm pcid sse4_1 sse4_2 x2apic movbe popcnt tsc_deadline_timer aes xsave avx f16c rdrand lahf_lm abm 3dnowprefetch epb intel_pt tpr_shadow vnmi flexpriority ept vpid fsgsbase tsc_adjust bmi1 avx2 smep bmi2 erms invpcid mpx rdseed adx smap clflushopt xsaveopt xsavec xgetbv1 xsaves dtherm ida arat pln pts hwp hwp_notify hwp_act_window hwp_epp

Memory: 4k page, physical 8009520k(5564872k free), swap 0k(0k free)

vm_info: OpenJDK 64-Bit Server VM (9-internal+0-2016-04-14-195246.buildd.src) for linux-amd64 JRE (9-internal+0-2016-04-14-195246.buildd.src), built on Apr 14 2016 20:05:37 by "buildd" with gcc 5.3.1 20160413

END.
